0 info it worked if it ends with ok
1 verbose cli [ '/Users/sohrabazamighadim/.nvm/versions/node/v6.17.0/bin/node',
1 verbose cli   '/Users/sohrabazamighadim/.nvm/versions/node/v6.17.0/bin/npm',
1 verbose cli   'start' ]
2 info using npm@3.10.10
3 info using node@v6.17.0
4 verbose run-script [ 'prestart', 'start', 'poststart' ]
5 info lifecycle counter-app@0.1.0~prestart: counter-app@0.1.0
6 silly lifecycle counter-app@0.1.0~prestart: no script for prestart, continuing
7 info lifecycle counter-app@0.1.0~start: counter-app@0.1.0
8 verbose lifecycle counter-app@0.1.0~start: unsafe-perm in lifecycle true
9 verbose lifecycle counter-app@0.1.0~start: PATH: /Users/sohrabazamighadim/.nvm/versions/node/v6.17.0/lib/node_modules/npm/bin/node-gyp-bin:/Users/sohrabazamighadim/Projects/MOSH-HAMEDANI/counter-app/node_modules/.bin:/Users/sohrabazamighadim/.nvm/versions/node/v6.17.0/bin:/usr/local/opt/node@6/bin:/usr/local/opt/llvm/bin:/Users/sohrabazamighadim/Documents/Projects/glm/:/Applications/Visual Studio Code.app/Contents/Resources/app/bin:/Users/sohrabazamighadim/Documents/Projects//vulkansdk-macos-1.1.92.1/macOS/bin:/Users/sohrabazamighadim/.nvm/versions/node/v6.17.0/bin:/usr/local/opt/node@6/bin:/usr/local/opt/llvm/bin:/Users/sohrabazamighadim/Documents/Projects/glm/:/Applications/Visual Studio Code.app/Contents/Resources/app/bin:/Users/sohrabazamighadim/Documents/Projects//vulkansdk-macos-1.1.92.1/macOS/bin:/Users/sohrabazamighadim/.nvm/versions/node/v6.17.0/bin:/usr/local/opt/node@6/bin:/usr/local/opt/llvm/bin:/Users/sohrabazamighadim/Documents/Projects/glm/:/Applications/Visual Studio Code.app/Contents/Resources/app/bin:/Users/sohrabazamighadim/Documents/Projects//vulkansdk-macos-1.1.92.1/macOS/bin:/usr/local/bin:/usr/bin:/bin:/usr/sbin:/sbin:/usr/local/share/dotnet:~/.dotnet/tools:/Library/Apple/usr/bin:/Library/Frameworks/Mono.framework/Versions/Current/Commands:/usr/local/opt/llvm/bin:/usr/local/bin:/usr/bin:/bin:/usr/sbin:/sbin:/usr/local/share/dotnet:~/.dotnet/tools:/Library/Apple/usr/bin:/Library/Frameworks/Mono.framework/Versions/Current/Commands:/usr/local/bin/:/Applications/Visual Studio Code.app/Contents/Resources/app/bin:/usr/local/opt/llvm/bin:/Users/sohrabazamighadim/.nvm/versions/node/v6.17.0/bin:/usr/local/opt/node@6/bin:/usr/local/opt/llvm/bin:/Users/sohrabazamighadim/Documents/Projects/glm/:/Applications/Visual Studio Code.app/Contents/Resources/app/bin:/Users/sohrabazamighadim/Documents/Projects//vulkansdk-macos-1.1.92.1/macOS/bin:/usr/local/bin:/usr/bin:/bin:/usr/sbin:/sbin:/usr/local/share/dotnet:~/.dotnet/tools:/Library/Apple/usr/bin:/Library/Frameworks/Mono.framework/Versions/Current/Commands:/usr/local/opt/llvm/bin:/usr/local/bin:/usr/bin:/bin:/usr/sbin:/sbin:/usr/local/share/dotnet:~/.dotnet/tools:/Library/Apple/usr/bin:/Library/Frameworks/Mono.framework/Versions/Current/Commands:/usr/local/bin/:/Applications/Visual Studio Code.app/Contents/Resources/app/bin:/usr/local/bin/:/Applications/Visual Studio Code.app/Contents/Resources/app/bin:/usr/local/opt/llvm/bin:/Users/sohrabazamighadim/.nvm/versions/node/v6.17.0/bin:/usr/local/opt/node@6/bin:/usr/local/opt/llvm/bin:/Users/sohrabazamighadim/Documents/Projects/glm/:/Applications/Visual Studio Code.app/Contents/Resources/app/bin:/Users/sohrabazamighadim/Documents/Projects//vulkansdk-macos-1.1.92.1/macOS/bin:/Users/sohrabazamighadim/.nvm/versions/node/v6.17.0/bin:/usr/local/opt/node@6/bin:/usr/local/opt/llvm/bin:/Users/sohrabazamighadim/Documents/Projects/glm/:/Applications/Visual Studio Code.app/Contents/Resources/app/bin:/Users/sohrabazamighadim/Documents/Projects//vulkansdk-macos-1.1.92.1/macOS/bin:/usr/local/bin:/usr/bin:/bin:/usr/sbin:/sbin:/usr/local/share/dotnet:~/.dotnet/tools:/Library/Apple/usr/bin:/Library/Frameworks/Mono.framework/Versions/Current/Commands:/usr/local/opt/llvm/bin:/usr/local/bin:/usr/bin:/bin:/usr/sbin:/sbin:/usr/local/share/dotnet:~/.dotnet/tools:/Library/Apple/usr/bin:/Library/Frameworks/Mono.framework/Versions/Current/Commands:/usr/local/bin/:/Applications/Visual Studio Code.app/Contents/Resources/app/bin:/usr/local/opt/llvm/bin:/Users/sohrabazamighadim/.nvm/versions/node/v6.17.0/bin:/usr/local/opt/node@6/bin:/usr/local/opt/llvm/bin:/Users/sohrabazamighadim/Documents/Projects/glm/:/Applications/Visual Studio Code.app/Contents/Resources/app/bin:/Users/sohrabazamighadim/Documents/Projects//vulkansdk-macos-1.1.92.1/macOS/bin:/usr/local/bin:/usr/bin:/bin:/usr/sbin:/sbin:/usr/local/share/dotnet:~/.dotnet/tools:/Library/Apple/usr/bin:/Library/Frameworks/Mono.framework/Versions/Current/Commands:/usr/local/opt/llvm/bin:/usr/local/bin:/usr/bin:/bin:/usr/sbin:/sbin:/usr/local/share/dotnet:~/.dotnet/tools:/Library/Apple/usr/bin:/Library/Frameworks/Mono.framework/Versions/Current/Commands:/usr/local/bin/:/Applications/Visual Studio Code.app/Contents/Resources/app/bin:/usr/local/bin/:/Applications/Visual Studio Code.app/Contents/Resources/app/bin:/usr/local/bin/:/Applications/Visual Studio Code.app/Contents/Resources/app/bin:/usr/local/lib
10 verbose lifecycle counter-app@0.1.0~start: CWD: /Users/sohrabazamighadim/Projects/MOSH-HAMEDANI/counter-app
11 silly lifecycle counter-app@0.1.0~start: Args: [ '-c', 'react-scripts start' ]
12 silly lifecycle counter-app@0.1.0~start: Returned: code: 1  signal: null
13 info lifecycle counter-app@0.1.0~start: Failed to exec start script
14 verbose stack Error: counter-app@0.1.0 start: `react-scripts start`
14 verbose stack Exit status 1
14 verbose stack     at EventEmitter.<anonymous> (/Users/sohrabazamighadim/.nvm/versions/node/v6.17.0/lib/node_modules/npm/lib/utils/lifecycle.js:255:16)
14 verbose stack     at emitTwo (events.js:106:13)
14 verbose stack     at EventEmitter.emit (events.js:191:7)
14 verbose stack     at ChildProcess.<anonymous> (/Users/sohrabazamighadim/.nvm/versions/node/v6.17.0/lib/node_modules/npm/lib/utils/spawn.js:40:14)
14 verbose stack     at emitTwo (events.js:106:13)
14 verbose stack     at ChildProcess.emit (events.js:191:7)
14 verbose stack     at maybeClose (internal/child_process.js:920:16)
14 verbose stack     at Process.ChildProcess._handle.onexit (internal/child_process.js:230:5)
15 verbose pkgid counter-app@0.1.0
16 verbose cwd /Users/sohrabazamighadim/Projects/MOSH-HAMEDANI/counter-app
17 error Darwin 20.6.0
18 error argv "/Users/sohrabazamighadim/.nvm/versions/node/v6.17.0/bin/node" "/Users/sohrabazamighadim/.nvm/versions/node/v6.17.0/bin/npm" "start"
19 error node v6.17.0
20 error npm  v3.10.10
21 error code ELIFECYCLE
22 error counter-app@0.1.0 start: `react-scripts start`
22 error Exit status 1
23 error Failed at the counter-app@0.1.0 start script 'react-scripts start'.
23 error Make sure you have the latest version of node.js and npm installed.
23 error If you do, this is most likely a problem with the counter-app package,
23 error not with npm itself.
23 error Tell the author that this fails on your system:
23 error     react-scripts start
23 error You can get information on how to open an issue for this project with:
23 error     npm bugs counter-app
23 error Or if that isn't available, you can get their info via:
23 error     npm owner ls counter-app
23 error There is likely additional logging output above.
24 verbose exit [ 1, true ]
